0 info it worked if it ends with ok
1 verbose cli [ '/usr/bin/nodejs',
1 verbose cli   '/usr/bin/npm',
1 verbose cli   'install',
1 verbose cli   '--save',
1 verbose cli   'handlebars' ]
2 info using npm@1.3.10
3 info using node@v0.10.25
4 verbose cache add [ 'handlebars', null ]
5 verbose cache add name=undefined spec="handlebars" args=["handlebars",null]
6 verbose parsed url { protocol: null,
6 verbose parsed url   slashes: null,
6 verbose parsed url   auth: null,
6 verbose parsed url   host: null,
6 verbose parsed url   port: null,
6 verbose parsed url   hostname: null,
6 verbose parsed url   hash: null,
6 verbose parsed url   search: null,
6 verbose parsed url   query: null,
6 verbose parsed url   pathname: 'handlebars',
6 verbose parsed url   path: 'handlebars',
6 verbose parsed url   href: 'handlebars' }
7 silly lockFile 9566e355-handlebars handlebars
8 verbose lock handlebars /home/scriptbees/.npm/9566e355-handlebars.lock
9 silly lockFile 9566e355-handlebars handlebars
10 silly lockFile 9566e355-handlebars handlebars
11 verbose addNamed [ 'handlebars', '' ]
12 verbose addNamed [ null, '*' ]
13 silly lockFile 0ab5732f-handlebars handlebars@
14 verbose lock handlebars@ /home/scriptbees/.npm/0ab5732f-handlebars.lock
15 silly addNameRange { name: 'handlebars', range: '*', hasData: false }
16 verbose url raw handlebars
17 verbose url resolving [ 'https://registry.npmjs.org/', './handlebars' ]
18 verbose url resolved https://registry.npmjs.org/handlebars
19 info trying registry request attempt 1 at 12:13:07
20 verbose etag "583c9cb2-fca9"
21 http GET https://registry.npmjs.org/handlebars
22 http 304 https://registry.npmjs.org/handlebars
23 silly registry.get cb [ 304,
23 silly registry.get   { date: 'Fri, 09 Dec 2016 06:43:08 GMT',
23 silly registry.get     via: '1.1 varnish',
23 silly registry.get     'cache-control': 'max-age=300',
23 silly registry.get     etag: '"583c9cb2-fca9"',
23 silly registry.get     age: '0',
23 silly registry.get     connection: 'keep-alive',
23 silly registry.get     'x-served-by': 'cache-sin6924-SIN',
23 silly registry.get     'x-cache': 'HIT',
23 silly registry.get     'x-cache-hits': '1',
23 silly registry.get     'x-timer': 'S1481265788.111999,VS0,VE99',
23 silly registry.get     vary: 'Accept-Encoding' } ]
24 verbose etag handlebars from cache
25 silly addNameRange number 2 { name: 'handlebars', range: '*', hasData: true }
26 silly addNameRange versions [ 'handlebars',
26 silly addNameRange   [ '1.0.6',
26 silly addNameRange     '1.0.6-2',
26 silly addNameRange     '1.0.7',
26 silly addNameRange     '1.0.8',
26 silly addNameRange     '1.0.9',
26 silly addNameRange     '1.0.10',
26 silly addNameRange     '1.0.11',
26 silly addNameRange     '1.0.12',
26 silly addNameRange     '1.1.0',
26 silly addNameRange     '1.1.1',
26 silly addNameRange     '1.1.2',
26 silly addNameRange     '1.2.0',
26 silly addNameRange     '1.2.1',
26 silly addNameRange     '1.3.0',
26 silly addNameRange     '2.0.0-alpha.1',
26 silly addNameRange     '2.0.0-alpha.2',
26 silly addNameRange     '2.0.0-alpha.3',
26 silly addNameRange     '2.0.0-alpha.4',
26 silly addNameRange     '2.0.0-beta.1',
26 silly addNameRange     '2.0.0',
26 silly addNameRange     '3.0.0',
26 silly addNameRange     '3.0.1',
26 silly addNameRange     '3.0.2',
26 silly addNameRange     '3.0.3',
26 silly addNameRange     '4.0.0',
26 silly addNameRange     '4.0.1',
26 silly addNameRange     '4.0.2',
26 silly addNameRange     '4.0.3',
26 silly addNameRange     '4.0.4',
26 silly addNameRange     '4.0.5',
26 silly addNameRange     '4.0.6',
26 silly addNameRange     '1.0.2-beta',
26 silly addNameRange     '1.0.4-beta',
26 silly addNameRange     '1.0.5-beta' ] ]
27 verbose addNamed [ 'handlebars', '4.0.6' ]
28 verbose addNamed [ '4.0.6', '4.0.6' ]
29 silly lockFile ddd5ae86-handlebars-4-0-6 handlebars@4.0.6
30 verbose lock handlebars@4.0.6 /home/scriptbees/.npm/ddd5ae86-handlebars-4-0-6.lock
31 silly lockFile ddd5ae86-handlebars-4-0-6 handlebars@4.0.6
32 silly lockFile ddd5ae86-handlebars-4-0-6 handlebars@4.0.6
33 silly lockFile 0ab5732f-handlebars handlebars@
34 silly lockFile 0ab5732f-handlebars handlebars@
35 silly resolved [ { name: 'handlebars',
35 silly resolved     barename: 'handlebars',
35 silly resolved     version: '4.0.6',
35 silly resolved     description: 'Handlebars provides the power necessary to let you build semantic templates effectively with no frustration',
35 silly resolved     homepage: 'http://www.handlebarsjs.com/',
35 silly resolved     keywords: [ 'handlebars', 'mustache', 'template', 'html' ],
35 silly resolved     repository:
35 silly resolved      { type: 'git',
35 silly resolved        url: 'https://github.com/wycats/handlebars.js.git' },
35 silly resolved     author: { name: 'Yehuda Katz' },
35 silly resolved     license: 'MIT',
35 silly resolved     readmeFilename: 'README.markdown',
35 silly resolved     engines: { node: '>=0.4.7' },
35 silly resolved     dependencies:
35 silly resolved      { async: '^1.4.0',
35 silly resolved        optimist: '^0.6.1',
35 silly resolved        'source-map': '^0.4.4',
35 silly resolved        'uglify-js': '^2.6' },
35 silly resolved     optionalDependencies: { 'uglify-js': '^2.6' },
35 silly resolved     devDependencies:
35 silly resolved      { 'aws-sdk': '^2.1.49',
35 silly resolved        'babel-loader': '^5.0.0',
35 silly resolved        'babel-runtime': '^5.1.10',
35 silly resolved        benchmark: '~1.0',
35 silly resolved        'dustjs-linkedin': '^2.0.2',
35 silly resolved        eco: '~1.1.0-rc-3',
35 silly resolved        grunt: '~0.4.1',
35 silly resolved        'grunt-babel': '^5.0.0',
35 silly resolved        'grunt-cli': '~0.1.10',
35 silly resolved        'grunt-contrib-clean': '0.x',
35 silly resolved        'grunt-contrib-concat': '0.x',
35 silly resolved        'grunt-contrib-connect': '0.x',
35 silly resolved        'grunt-contrib-copy': '0.x',
35 silly resolved        'grunt-contrib-requirejs': '0.x',
35 silly resolved        'grunt-contrib-uglify': '0.x',
35 silly resolved        'grunt-contrib-watch': '0.x',
35 silly resolved        'grunt-eslint': '^17.1.0',
35 silly resolved        'grunt-saucelabs': '8.x',
35 silly resolved        'grunt-webpack': '^1.0.8',
35 silly resolved        istanbul: '^0.3.0',
35 silly resolved        jison: '~0.3.0',
35 silly resolved        mocha: '~1.20.0',
35 silly resolved        'mock-stdin': '^0.3.0',
35 silly resolved        mustache: '^2.1.3',
35 silly resolved        semver: '^5.0.1',
35 silly resolved        underscore: '^1.5.1',
35 silly resolved        webpack: '^1.12.6',
35 silly resolved        'webpack-dev-server': '^1.12.1' },
35 silly resolved     main: 'lib/index.js',
35 silly resolved     bin: { handlebars: 'bin/handlebars' },
35 silly resolved     scripts: { test: 'grunt' },
35 silly resolved     jspm:
35 silly resolved      { main: 'handlebars',
35 silly resolved        directories: [Object],
35 silly resolved        buildConfig: [Object] },
35 silly resolved     readme: '[![Travis Build Status](https://img.shields.io/travis/wycats/handlebars.js/master.svg)](https://travis-ci.org/wycats/handlebars.js)\n[![Selenium Test Status](https://saucelabs.com/buildstatus/handlebars)](https://saucelabs.com/u/handlebars)\n\nHandlebars.js\n=============\n\nHandlebars.js is an extension to the [Mustache templating\nlanguage](http://mustache.github.com/) created by Chris Wanstrath.\nHandlebars.js and Mustache are both logicless templating languages that\nkeep the view and the code separated like we all know they should be.\n\nCheckout the official Handlebars docs site at\n[http://www.handlebarsjs.com](http://www.handlebarsjs.com) and the live demo at [http://tryhandlebarsjs.com/](http://tryhandlebarsjs.com/).\n\nInstalling\n----------\n\nSee our [installation documentation](http://handlebarsjs.com/installation.html).\n\nUsage\n-----\nIn general, the syntax of Handlebars.js templates is a superset\nof Mustache templates. For basic syntax, check out the [Mustache\nmanpage](http://mustache.github.com/mustache.5.html).\n\nOnce you have a template, use the `Handlebars.compile` method to compile\nthe template into a function. The generated function takes a context\nargument, which will be used to render the template.\n\n```js\nvar source = "<p>Hello, my name is {{name}}. I am from {{hometown}}. I have " +\n             "{{kids.length}} kids:</p>" +\n             "<ul>{{#kids}}<li>{{name}} is {{age}}</li>{{/kids}}</ul>";\nvar template = Handlebars.compile(source);\n\nvar data = { "name": "Alan", "hometown": "Somewhere, TX",\n             "kids": [{"name": "Jimmy", "age": "12"}, {"name": "Sally", "age": "4"}]};\nvar result = template(data);\n\n// Would render:\n// <p>Hello, my name is Alan. I am from Somewhere, TX. I have 2 kids:</p>\n// <ul>\n//   <li>Jimmy is 12</li>\n//   <li>Sally is 4</li>\n// </ul>\n```\n\nFull documentation and more examples are at [handlebarsjs.com](http://handlebarsjs.com/).\n\nPrecompiling Templates\n----------------------\n\nHandlebars allows templates to be precompiled and included as javascript code rather than the handlebars template allowing for faster startup time. Full details are located [here](http://handlebarsjs.com/precompilation.html).\n\nDifferences Between Handlebars.js and Mustache\n----------------------------------------------\nHandlebars.js adds a couple of additional features to make writing\ntemplates easier and also changes a tiny detail of how partials work.\n\n- [Nested Paths](http://handlebarsjs.com/#paths)\n- [Helpers](http://handlebarsjs.com/#helpers)\n- [Block Expressions](http://handlebarsjs.com/#block-expressions)\n- [Literal Values](http://handlebarsjs.com/#literals)\n- [Delimited Comments](http://handlebarsjs.com/#comments)\n\nBlock expressions have the same syntax as mustache sections but should not be confused with one another. Sections are akin to an implicit `each` or `with` statement depending on the input data and helpers are explicit pieces of code that are free to implement whatever behavior they like. The [mustache spec](http://mustache.github.io/mustache.5.html) defines the exact behavior of sections. In the case of name conflicts, helpers are given priority.\n\n### Compatibility\n\nThere are a few Mustache behaviors that Handlebars does not implement.\n- Handlebars deviates from Mustache slightly in that it does not perform recursive lookup by default. The compile time `compat` flag must be set to enable this functionality. Users should note that there is a performance cost for enabling this flag. The exact cost varies by template, but it\'s recommended that performance sensitive operations should avoid this mode and instead opt for explicit path references.\n- The optional Mustache-style lambdas are not supported. Instead Handlebars provides its own lambda resolution that follows the behaviors of helpers.\n- Alternative delimiters are not supported.\n\n\nSupported Environments\n----------------------\n\nHandlebars has been designed to work in any ECMAScript 3 environment. This includes\n\n- Node.js\n- Chrome\n- Firefox\n- Safari 5+\n- Opera 11+\n- IE 6+\n\nOlder versions and other runtimes are likely to work but have not been formally\ntested. The compiler requires `JSON.stringify` to be implemented natively or via a polyfill. If using the precompiler this is not necessary.\n\n[![Selenium Test Status](https://saucelabs.com/browser-matrix/handlebars.svg)](https://saucelabs.com/u/handlebars)\n\nPerformance\n-----------\n\nIn a rough performance test, precompiled Handlebars.js templates (in\nthe original version of Handlebars.js) rendered in about half the\ntime of Mustache templates. It would be a shame if it were any other\nway, since they were precompiled, but the difference in architecture\ndoes have some big performance advantages. Justin Marney, a.k.a.\n[gotascii](http://github.com/gotascii), confirmed that with an\n[independent test](http://sorescode.com/2010/09/12/benchmarks.html). The\nrewritten Handlebars (current version) is faster than the old version,\nwith many [performance tests](https://travis-ci.org/wycats/handlebars.js/builds/33392182#L538) being 5 to 7 times faster than the Mustache equivalent.\n\n\nUpgrading\n---------\n\nSee [release-notes.md](https://github.com/wycats/handlebars.js/blob/master/release-notes.md) for upgrade notes.\n\nKnown Issues\n------------\n\nSee [FAQ.md](https://github.com/wycats/handlebars.js/blob/master/FAQ.md) for known issues and common pitfalls.\n\n\nHandlebars in the Wild\n----------------------\n\n* [Assemble](http://assemble.io), by [@jonschlinkert](https://github.com/jonschlinkert)\n  and [@doowb](https://github.com/doowb), is a static site generator that uses Handlebars.js\n  as its template engine.\n* [Cory](https://github.com/leo/cory), by [@leo](https://github.com/leo), is another tiny static site generator\n* [CoSchedule](http://coschedule.com) An editorial calendar for WordPress that uses Handlebars.js\n* [dashbars](https://github.com/pismute/dashbars) A modern helper library for Handlebars.js.\n* [Ember.js](http://www.emberjs.com) makes Handlebars.js the primary way to\n  structure your views, also with automatic data binding support.\n* [Ghost](https://ghost.org/) Just a blogging platform.\n* [handlebars_assets](http://github.com/leshill/handlebars_assets): A Rails Asset Pipeline gem\n  from Les Hill (@leshill).\n* [handlebars-helpers](https://github.com/assemble/handlebars-helpers) is an extensive library\n  with 100+ handlebars helpers.\n* [handlebars-layouts](https://github.com/shannonmoeller/handlebars-layouts) is a set of helpers which implement extendible and embeddable layout blocks as seen in other popular templating languages.\n* [hbs](http://github.com/donpark/hbs): An Express.js view engine adapter for Handlebars.js,\n  from Don Park.\n* [koa-hbs](https://github.com/jwilm/koa-hbs): [koa](https://github.com/koajs/koa) generator based\n  renderer for Handlebars.js.\n* [jblotus](http://github.com/jblotus) created [http://tryhandlebarsjs.com](http://tryhandlebarsjs.com)\n  for anyone who would like to try out Handlebars.js in their browser.\n* [jQuery plugin](http://71104.github.io/jquery-handlebars/): allows you to use\n  Handlebars.js with [jQuery](http://jquery.com/).\n* [Lumbar](http://walmartlabs.github.io/lumbar) provides easy module-based template management for\n  handlebars projects.\n* [Marionette.Handlebars](https://github.com/hashchange/marionette.handlebars) adds support for Handlebars and Mustache templates to Marionette.\n* [sammy.js](http://github.com/quirkey/sammy) by Aaron Quint, a.k.a. quirkey,\n  supports Handlebars.js as one of its template plugins.\n* [SproutCore](http://www.sproutcore.com) uses Handlebars.js as its main\n  templating engine, extending it with automatic data binding support.\n* [YUI](http://yuilibrary.com/yui/docs/handlebars/) implements a port of handlebars\n* [Swag](https://github.com/elving/swag) by [@elving](https://github.com/elving) is a growing collection of helpers for handlebars.js. Give your handlebars.js templates some swag son!\n* [DOMBars](https://github.com/blakeembrey/dombars) is a DOM-based templating engine built on the Handlebars parser and runtime **DEPRECATED**\n* [promised-handlebars](https://github.com/nknapp/promised-handlebars) is a wrapper for Handlebars that allows helpers to return Promises.\n* [just-handlebars-helpers](https://github.com/leapfrogtechnology/just-handlebars-helpers) A fully tested lightweight package with common Handlebars helpers.\n\nExternal Resources\n------------------\n\n* [Gist about Synchronous and asynchronous loading of external handlebars templates](https://gist.github.com/2287070)\n\nHave a project using Handlebars? Send us a [pull request][pull-request]!\n\nLicense\n-------\nHandlebars.js is released under the MIT license.\n\n[pull-request]: https://github.com/wycats/handlebars.js/pull/new/master\n',
35 silly resolved     bugs: { url: 'https://github.com/wycats/handlebars.js/issues' },
35 silly resolved     _id: 'handlebars@4.0.6',
35 silly resolved     _from: 'handlebars@' } ]
36 info install handlebars@4.0.6 into /home/scriptbees
37 info installOne handlebars@4.0.6
38 info /home/scriptbees/node_modules/handlebars unbuild
39 info preuninstall handlebars@4.0.6
40 info uninstall handlebars@4.0.6
41 verbose true,/home/scriptbees/node_modules,/home/scriptbees/node_modules unbuild handlebars@4.0.6
42 verbose /home/scriptbees/node_modules/.bin,[object Object] binRoot
43 info postuninstall handlebars@4.0.6
44 info /home/scriptbees/node_modules/handlebars unbuild
45 error error rolling back Error: EACCES, unlink '/home/scriptbees/node_modules/handlebars/node_modules/.bin/uglifyjs'
45 error error rolling back  handlebars@4.0.6 { [Error: EACCES, unlink '/home/scriptbees/node_modules/handlebars/node_modules/.bin/uglifyjs']
45 error error rolling back   errno: 3,
45 error error rolling back   code: 'EACCES',
45 error error rolling back   path: '/home/scriptbees/node_modules/handlebars/node_modules/.bin/uglifyjs' }
46 error Error: EACCES, unlink '/home/scriptbees/node_modules/handlebars/node_modules/.bin/uglifyjs'
46 error  { [Error: EACCES, unlink '/home/scriptbees/node_modules/handlebars/node_modules/.bin/uglifyjs']
46 error   errno: 3,
46 error   code: 'EACCES',
46 error   path: '/home/scriptbees/node_modules/handlebars/node_modules/.bin/uglifyjs' }
47 error Please try running this command again as root/Administrator.
48 error System Linux 3.13.0-37-generic
49 error command "/usr/bin/nodejs" "/usr/bin/npm" "install" "--save" "handlebars"
50 error cwd /home/scriptbees/snd_msg
51 error node -v v0.10.25
52 error npm -v 1.3.10
53 error path /home/scriptbees/node_modules/handlebars/node_modules/.bin/uglifyjs
54 error code EACCES
55 error errno 3
56 error stack Error: EACCES, unlink '/home/scriptbees/node_modules/handlebars/node_modules/.bin/uglifyjs'
57 verbose exit [ 3, true ]
